::1 - - [13/Mar/2021:15:52:42 +0000] "GET / HTTP/1.1" 200 3226 "-" "Mozilla/5.0 (Windows NT 10.0; Win64; x64) AppleWebKit/537.36 (KHTML, like Gecko) Chrome/89.0.4389.82 Safari/537.36"
::1 - - [13/Mar/2021:15:52:45 +0000] "GET / HTTP/1.1" 304 - "-" "Mozilla/5.0 (Windows NT 10.0; Win64; x64) AppleWebKit/537.36 (KHTML, like Gecko) Chrome/89.0.4389.82 Safari/537.36"
::1 - - [13/Mar/2021:15:53:31 +0000] "GET /users/profile/604a378e3873f72a88038590 HTTP/1.1" 200 2025 "http://localhost:7000/" "Mozilla/5.0 (Windows NT 10.0; Win64; x64) AppleWebKit/537.36 (KHTML, like Gecko) Chrome/89.0.4389.82 Safari/537.36"
::1 - - [14/Mar/2021:16:10:22 +0000] "GET / HTTP/1.1" 200 2458 "-" "Mozilla/5.0 (Windows NT 10.0; Win64; x64) AppleWebKit/537.36 (KHTML, like Gecko) Chrome/89.0.4389.82 Safari/537.36"
::1 - - [14/Mar/2021:16:10:23 +0000] "GET /css/layout.css HTTP/1.1" 404 153 "http://localhost:7000/" "Mozilla/5.0 (Windows NT 10.0; Win64; x64) AppleWebKit/537.36 (KHTML, like Gecko) Chrome/89.0.4389.82 Safari/537.36"
::1 - - [14/Mar/2021:16:10:23 +0000] "GET /css/chat_box.css HTTP/1.1" 404 155 "http://localhost:7000/" "Mozilla/5.0 (Windows NT 10.0; Win64; x64) AppleWebKit/537.36 (KHTML, like Gecko) Chrome/89.0.4389.82 Safari/537.36"
::1 - - [14/Mar/2021:16:10:23 +0000] "GET /css/home.css HTTP/1.1" 404 151 "http://localhost:7000/" "Mozilla/5.0 (Windows NT 10.0; Win64; x64) AppleWebKit/537.36 (KHTML, like Gecko) Chrome/89.0.4389.82 Safari/537.36"
::1 - - [14/Mar/2021:16:10:24 +0000] "GET /css/header.css HTTP/1.1" 404 153 "http://localhost:7000/" "Mozilla/5.0 (Windows NT 10.0; Win64; x64) AppleWebKit/537.36 (KHTML, like Gecko) Chrome/89.0.4389.82 Safari/537.36"
::1 - - [14/Mar/2021:16:10:24 +0000] "GET /js/home_post_comments.js HTTP/1.1" 404 163 "http://localhost:7000/" "Mozilla/5.0 (Windows NT 10.0; Win64; x64) AppleWebKit/537.36 (KHTML, like Gecko) Chrome/89.0.4389.82 Safari/537.36"
::1 - - [14/Mar/2021:16:10:24 +0000] "GET /css/footer.css HTTP/1.1" 404 153 "http://localhost:7000/" "Mozilla/5.0 (Windows NT 10.0; Win64; x64) AppleWebKit/537.36 (KHTML, like Gecko) Chrome/89.0.4389.82 Safari/537.36"
::1 - - [14/Mar/2021:16:10:24 +0000] "GET /js/toggle_likes.js HTTP/1.1" 404 157 "http://localhost:7000/" "Mozilla/5.0 (Windows NT 10.0; Win64; x64) AppleWebKit/537.36 (KHTML, like Gecko) Chrome/89.0.4389.82 Safari/537.36"
::1 - - [14/Mar/2021:16:10:24 +0000] "GET /js/chat_engine.js HTTP/1.1" 404 156 "http://localhost:7000/" "Mozilla/5.0 (Windows NT 10.0; Win64; x64) AppleWebKit/537.36 (KHTML, like Gecko) Chrome/89.0.4389.82 Safari/537.36"
::1 - - [14/Mar/2021:16:10:24 +0000] "GET /js/home_posts.js HTTP/1.1" 404 155 "http://localhost:7000/" "Mozilla/5.0 (Windows NT 10.0; Win64; x64) AppleWebKit/537.36 (KHTML, like Gecko) Chrome/89.0.4389.82 Safari/537.36"
::1 - - [14/Mar/2021:16:10:26 +0000] "GET /css/layout.css HTTP/1.1" 404 153 "http://localhost:7000/" "Mozilla/5.0 (Windows NT 10.0; Win64; x64) AppleWebKit/537.36 (KHTML, like Gecko) Chrome/89.0.4389.82 Safari/537.36"
::1 - - [14/Mar/2021:16:10:26 +0000] "GET /css/footer.css HTTP/1.1" 404 153 "http://localhost:7000/" "Mozilla/5.0 (Windows NT 10.0; Win64; x64) AppleWebKit/537.36 (KHTML, like Gecko) Chrome/89.0.4389.82 Safari/537.36"
::1 - - [14/Mar/2021:16:10:26 +0000] "GET /css/header.css HTTP/1.1" 404 153 "http://localhost:7000/" "Mozilla/5.0 (Windows NT 10.0; Win64; x64) AppleWebKit/537.36 (KHTML, like Gecko) Chrome/89.0.4389.82 Safari/537.36"
::1 - - [14/Mar/2021:16:10:26 +0000] "GET /css/home.css HTTP/1.1" 404 151 "http://localhost:7000/" "Mozilla/5.0 (Windows NT 10.0; Win64; x64) AppleWebKit/537.36 (KHTML, like Gecko) Chrome/89.0.4389.82 Safari/537.36"
::1 - - [14/Mar/2021:16:10:26 +0000] "GET /css/chat_box.css HTTP/1.1" 404 155 "http://localhost:7000/" "Mozilla/5.0 (Windows NT 10.0; Win64; x64) AppleWebKit/537.36 (KHTML, like Gecko) Chrome/89.0.4389.82 Safari/537.36"
::1 - - [14/Mar/2021:16:10:26 +0000] "GET /js/home_post_comments.js HTTP/1.1" 404 163 "http://localhost:7000/" "Mozilla/5.0 (Windows NT 10.0; Win64; x64) AppleWebKit/537.36 (KHTML, like Gecko) Chrome/89.0.4389.82 Safari/537.36"
::1 - - [14/Mar/2021:16:10:26 +0000] "GET /js/home_posts.js HTTP/1.1" 404 155 "http://localhost:7000/" "Mozilla/5.0 (Windows NT 10.0; Win64; x64) AppleWebKit/537.36 (KHTML, like Gecko) Chrome/89.0.4389.82 Safari/537.36"
::1 - - [14/Mar/2021:16:10:26 +0000] "GET /js/toggle_likes.js HTTP/1.1" 404 157 "http://localhost:7000/" "Mozilla/5.0 (Windows NT 10.0; Win64; x64) AppleWebKit/537.36 (KHTML, like Gecko) Chrome/89.0.4389.82 Safari/537.36"
::1 - - [14/Mar/2021:16:10:27 +0000] "GET /js/chat_engine.js HTTP/1.1" 404 156 "http://localhost:7000/" "Mozilla/5.0 (Windows NT 10.0; Win64; x64) AppleWebKit/537.36 (KHTML, like Gecko) Chrome/89.0.4389.82 Safari/537.36"
::1 - - [14/Mar/2021:16:10:27 +0000] "GET /favicon.ico HTTP/1.1" 404 150 "http://localhost:7000/" "Mozilla/5.0 (Windows NT 10.0; Win64; x64) AppleWebKit/537.36 (KHTML, like Gecko) Chrome/89.0.4389.82 Safari/537.36"
::1 - - [15/Mar/2021:14:40:33 +0000] "GET / HTTP/1.1" 200 2491 "-" "Mozilla/5.0 (Windows NT 10.0; Win64; x64) AppleWebKit/537.36 (KHTML, like Gecko) Chrome/89.0.4389.82 Safari/537.36"
::1 - - [15/Mar/2021:14:40:35 +0000] "GET /css/home.css HTTP/1.1" 404 151 "http://localhost:7000/" "Mozilla/5.0 (Windows NT 10.0; Win64; x64) AppleWebKit/537.36 (KHTML, like Gecko) Chrome/89.0.4389.82 Safari/537.36"
::1 - - [15/Mar/2021:14:40:35 +0000] "GET /js/home_post_comments.js HTTP/1.1" 404 163 "http://localhost:7000/" "Mozilla/5.0 (Windows NT 10.0; Win64; x64) AppleWebKit/537.36 (KHTML, like Gecko) Chrome/89.0.4389.82 Safari/537.36"
::1 - - [15/Mar/2021:14:40:35 +0000] "GET /css/chat_box.css HTTP/1.1" 404 155 "http://localhost:7000/" "Mozilla/5.0 (Windows NT 10.0; Win64; x64) AppleWebKit/537.36 (KHTML, like Gecko) Chrome/89.0.4389.82 Safari/537.36"
::1 - - [15/Mar/2021:14:40:35 +0000] "GET /js/home_posts.js HTTP/1.1" 404 155 "http://localhost:7000/" "Mozilla/5.0 (Windows NT 10.0; Win64; x64) AppleWebKit/537.36 (KHTML, like Gecko) Chrome/89.0.4389.82 Safari/537.36"
::1 - - [15/Mar/2021:14:40:35 +0000] "GET /js/chat_engine.js HTTP/1.1" 404 156 "http://localhost:7000/" "Mozilla/5.0 (Windows NT 10.0; Win64; x64) AppleWebKit/537.36 (KHTML, like Gecko) Chrome/89.0.4389.82 Safari/537.36"
::1 - - [15/Mar/2021:14:40:35 +0000] "GET /js/toggle_likes.js HTTP/1.1" 404 157 "http://localhost:7000/" "Mozilla/5.0 (Windows NT 10.0; Win64; x64) AppleWebKit/537.36 (KHTML, like Gecko) Chrome/89.0.4389.82 Safari/537.36"
::1 - - [15/Mar/2021:14:40:36 +0000] "GET /css/home.css HTTP/1.1" 404 151 "http://localhost:7000/" "Mozilla/5.0 (Windows NT 10.0; Win64; x64) AppleWebKit/537.36 (KHTML, like Gecko) Chrome/89.0.4389.82 Safari/537.36"
::1 - - [15/Mar/2021:14:40:36 +0000] "GET /css/chat_box.css HTTP/1.1" 404 155 "http://localhost:7000/" "Mozilla/5.0 (Windows NT 10.0; Win64; x64) AppleWebKit/537.36 (KHTML, like Gecko) Chrome/89.0.4389.82 Safari/537.36"
::1 - - [15/Mar/2021:14:40:36 +0000] "GET /js/home_post_comments.js HTTP/1.1" 404 163 "http://localhost:7000/" "Mozilla/5.0 (Windows NT 10.0; Win64; x64) AppleWebKit/537.36 (KHTML, like Gecko) Chrome/89.0.4389.82 Safari/537.36"
::1 - - [15/Mar/2021:14:40:36 +0000] "GET /js/home_posts.js HTTP/1.1" 404 155 "http://localhost:7000/" "Mozilla/5.0 (Windows NT 10.0; Win64; x64) AppleWebKit/537.36 (KHTML, like Gecko) Chrome/89.0.4389.82 Safari/537.36"
::1 - - [15/Mar/2021:14:40:36 +0000] "GET /js/toggle_likes.js HTTP/1.1" 404 157 "http://localhost:7000/" "Mozilla/5.0 (Windows NT 10.0; Win64; x64) AppleWebKit/537.36 (KHTML, like Gecko) Chrome/89.0.4389.82 Safari/537.36"
::1 - - [15/Mar/2021:14:40:36 +0000] "GET /js/chat_engine.js HTTP/1.1" 404 156 "http://localhost:7000/" "Mozilla/5.0 (Windows NT 10.0; Win64; x64) AppleWebKit/537.36 (KHTML, like Gecko) Chrome/89.0.4389.82 Safari/537.36"
::1 - - [15/Mar/2021:14:40:37 +0000] "GET /favicon.ico HTTP/1.1" 404 150 "http://localhost:7000/" "Mozilla/5.0 (Windows NT 10.0; Win64; x64) AppleWebKit/537.36 (KHTML, like Gecko) Chrome/89.0.4389.82 Safari/537.36"
::1 - - [15/Mar/2021:14:50:07 +0000] "GET / HTTP/1.1" 200 2475 "-" "Mozilla/5.0 (Windows NT 10.0; Win64; x64) AppleWebKit/537.36 (KHTML, like Gecko) Chrome/89.0.4389.82 Safari/537.36"
::1 - - [15/Mar/2021:14:50:07 +0000] "GET /undefined HTTP/1.1" 404 148 "http://localhost:7000/" "Mozilla/5.0 (Windows NT 10.0; Win64; x64) AppleWebKit/537.36 (KHTML, like Gecko) Chrome/89.0.4389.82 Safari/537.36"
::1 - - [15/Mar/2021:14:50:08 +0000] "GET /undefined HTTP/1.1" 404 148 "http://localhost:7000/" "Mozilla/5.0 (Windows NT 10.0; Win64; x64) AppleWebKit/537.36 (KHTML, like Gecko) Chrome/89.0.4389.82 Safari/537.36"
::1 - - [15/Mar/2021:14:50:08 +0000] "GET /undefined HTTP/1.1" 404 148 "http://localhost:7000/" "Mozilla/5.0 (Windows NT 10.0; Win64; x64) AppleWebKit/537.36 (KHTML, like Gecko) Chrome/89.0.4389.82 Safari/537.36"
::1 - - [15/Mar/2021:14:50:08 +0000] "GET /undefined HTTP/1.1" 404 148 "http://localhost:7000/" "Mozilla/5.0 (Windows NT 10.0; Win64; x64) AppleWebKit/537.36 (KHTML, like Gecko) Chrome/89.0.4389.82 Safari/537.36"
::1 - - [15/Mar/2021:14:50:08 +0000] "GET /undefined HTTP/1.1" 404 148 "http://localhost:7000/" "Mozilla/5.0 (Windows NT 10.0; Win64; x64) AppleWebKit/537.36 (KHTML, like Gecko) Chrome/89.0.4389.82 Safari/537.36"
